<?xml version="1.0" encoding="UTF-8"?>
<!-- Generated by org.testng.reporters.JUnitXMLReporter -->
<testsuite ignored="0" hostname="DESKTOP-1U1S0Q0" failures="0" tests="4" name="Add customer Test" time="2.11" errors="0" timestamp="2024-08-12T23:42:08 IST">
  <testcase classname="Tests.AddCustomerTest" name="addcustomer" time="0.415"/>
  <testcase classname="Tests.AddCustomerTest" name="addcustomer" time="0.198"/>
  <testcase classname="Tests.AddCustomerTest" name="addcustomer" time="0.206"/>
  <testcase classname="Tests.AddCustomerTest" name="addcustomer" time="0.189"/>
</testsuite> <!-- Add customer Test -->
