<?xml version="1.0" encoding="UTF-8"?>
<!-- Generated by org.testng.reporters.JUnitXMLReporter -->
<testsuite ignored="0" hostname="DESKTOP-1U1S0Q0" failures="0" tests="4" name="Customer Login Test" time="22.269" errors="0" timestamp="2024-08-12T23:42:31 IST">
  <testcase classname="Tests.CustomerLoginTest" name="customerlogin" time="5.917"/>
  <testcase classname="Tests.CustomerLoginTest" name="customerlogin" time="5.418"/>
  <testcase classname="Tests.CustomerLoginTest" name="customerlogin" time="5.44"/>
  <testcase classname="Tests.CustomerLoginTest" name="customerlogin" time="5.433"/>
</testsuite> <!-- Customer Login Test -->
