<?xml version="1.0" encoding="UTF-8"?>
<!-- Generated by org.testng.reporters.JUnitXMLReporter -->
<testsuite ignored="0" hostname="DESKTOP-1U1S0Q0" failures="0" tests="4" name="Delete Customer Test" time="1.242" errors="0" timestamp="2024-08-12T23:42:33 IST">
  <testcase classname="Tests.DeleteTest" name="deletecustomer" time="0.523"/>
  <testcase classname="Tests.DeleteTest" name="deletecustomer" time="0.227"/>
  <testcase classname="Tests.DeleteTest" name="deletecustomer" time="0.235"/>
  <testcase classname="Tests.DeleteTest" name="deletecustomer" time="0.228"/>
</testsuite> <!-- Delete Customer Test -->
