<?xml version="1.0" encoding="UTF-8"?>
<!-- Generated by org.testng.reporters.JUnitXMLReporter -->
<testsuite ignored="0" hostname="DESKTOP-1U1S0Q0" failures="0" tests="4" name="Open Account Test" time="1.108" errors="0" timestamp="2024-08-12T23:42:09 IST">
  <testcase classname="Tests.OpenAccountTest" name="openaccount" time="0.431"/>
  <testcase classname="Tests.OpenAccountTest" name="openaccount" time="0.226"/>
  <testcase classname="Tests.OpenAccountTest" name="openaccount" time="0.213"/>
  <testcase classname="Tests.OpenAccountTest" name="openaccount" time="0.202"/>
</testsuite> <!-- Open Account Test -->
